{
  "RSpec": {
    "coverage": {
      "/Users/hose/Projects/tripmustsees/config/environment.rb": [
        null,
        1,
        null,
        null,
        1
      ],
      "/Users/hose/Projects/tripmustsees/config/application.rb": [
        1,
        null,
        1,
        null,
        null,
        null,
        1,
        null,
        1,
        1,
        null,
        null,
        null,
        null,
        null,
        null,
        null,
        null,
        null,
        null,
        null,
        null,
        null
      ],
      "/Users/hose/Projects/tripmustsees/config/boot.rb": [
        null,
        1,
        null,
        1
      ],
      "/Users/hose/Projects/tripmustsees/config/environments/test.rb": [
        1,
        null,
        null,
        null,
        null,
        null,
        null,
        1,
        null,
        null,
        null,
        null,
        1,
        null,
        null,
        1,
        1,
        null,
        null,
        1,
        1,
        null,
        null,
        1,
        null,
        null,
        1,
        null,
        null,
        null,
        null,
        1,
        null,
        null,
        1,
        null,
        null,
        null,
        null
      ],
      "/Users/hose/Projects/tripmustsees/config/initializers/assets.rb": [
        null,
        null,
        null,
        1,
        null,
        null,
        null,
        null
      ],
      "/Users/hose/Projects/tripmustsees/config/initializers/backtrace_silencers.rb": [
        null,
        null,
        null,
        null,
        null,
        null,
        null
      ],
      "/Users/hose/Projects/tripmustsees/config/initializers/cookies_serializer.rb": [
        null,
        null,
        1
      ],
      "/Users/hose/Projects/tripmustsees/config/initializers/filter_parameter_logging.rb": [
        null,
        null,
        null,
        1
      ],
      "/Users/hose/Projects/tripmustsees/config/initializers/inflections.rb": [
        null,
        null,
        null,
        null,
        null,
        null,
        null,
        null,
        null,
        null,
        null,
        null,
        null,
        null,
        null,
        null
      ],
      "/Users/hose/Projects/tripmustsees/config/initializers/mime_types.rb": [
        null,
        null,
        null,
        null
      ],
      "/Users/hose/Projects/tripmustsees/config/initializers/session_store.rb": [
        null,
        null,
        1
      ],
      "/Users/hose/Projects/tripmustsees/config/initializers/wrap_parameters.rb": [
        null,
        null,
        null,
        null,
        null,
        null,
        1,
        1,
        null,
        null,
        null,
        null,
        null,
        null
      ],
      "/Users/hose/Projects/tripmustsees/config/routes.rb": [
        1,
        null,
        1,
        1,
        1,
        1,
        null,
        null,
        null,
        1,
        null,
        null,
        1,
        null,
        1,
        1,
        null,
        1,
        null
      ],
      "/Users/hose/Projects/tripmustsees/app/helpers/application_helper.rb": [
        1,
        null
      ],
      "/Users/hose/Projects/tripmustsees/app/controllers/admin/cities_controller.rb": [
        1,
        1,
        null,
        1,
        null,
        1,
        3,
        null,
        3,
        3,
        null,
        null,
        null,
        1,
        3,
        null,
        null,
        1,
        5,
        null,
        5,
        null,
        5,
        2,
        null,
        3,
        null,
        null,
        null,
        1,
        null,
        1,
        5,
        0,
        null,
        5,
        null,
        null,
        null,
        1,
        11,
        11,
        null,
        null,
        null,
        null,
        null
      ],
      "/Users/hose/Projects/tripmustsees/app/controllers/admin/base_controller.rb": [
        1,
        1,
        null,
        null
      ],
      "/Users/hose/Projects/tripmustsees/app/controllers/application_controller.rb": [
        1,
        null,
        null,
        1,
        null
      ],
      "/Users/hose/Projects/tripmustsees/app/controllers/admin/countries_controller.rb": [
        1,
        1,
        null,
        1,
        2,
        null,
        null,
        1,
        2,
        null,
        null,
        1,
        4,
        null,
        4,
        2,
        null,
        2,
        null,
        null,
        null,
        1,
        null,
        1,
        4,
        0,
        null,
        4,
        null,
        null,
        null,
        null,
        null
      ],
      "/Users/hose/Projects/tripmustsees/app/controllers/admin/sight_seeings_controller.rb": [
        1,
        1,
        null,
        1,
        1,
        null,
        1,
        4,
        null,
        4,
        4,
        null,
        null,
        null,
        1,
        2,
        null,
        null,
        1,
        2,
        null,
        null,
        1,
        6,
        null,
        6,
        null,
        6,
        2,
        null,
        4,
        null,
        null,
        null,
        1,
        2,
        null,
        null,
        1,
        5,
        null,
        5,
        4,
        null,
        1,
        null,
        null,
        null,
        1,
        5,
        5,
        null,
        5,
        null,
        null,
        1,
        null,
        1,
        11,
        5,
        null,
        6,
        null,
        null,
        null,
        1,
        26,
        26,
        null,
        null,
        null,
        1,
        26,
        26,
        null,
        null,
        null,
        null,
        null
      ],
      "/Users/hose/Projects/tripmustsees/app/controllers/sight_seeings_controller.rb": [
        1,
        null,
        1,
        1,
        null,
        null,
        null
      ],
      "/Users/hose/Projects/tripmustsees/app/controllers/static_pages_controller.rb": [
        1,
        null,
        1,
        null,
        null,
        1,
        null,
        null,
        null
      ],
      "/Users/hose/Projects/tripmustsees/app/models/city.rb": [
        1,
        null,
        null,
        1,
        1,
        null,
        null,
        1,
        null,
        null
      ],
      "/Users/hose/Projects/tripmustsees/app/models/country.rb": [
        1,
        null,
        null,
        1,
        null,
        null,
        1,
        null,
        null
      ],
      "/Users/hose/Projects/tripmustsees/app/models/location.rb": [
        1,
        null,
        null,
        1,
        null,
        null,
        1,
        null,
        null
      ],
      "/Users/hose/Projects/tripmustsees/app/models/sight_seeing_category.rb": [
        1,
        null,
        1,
        null,
        null
      ],
      "/Users/hose/Projects/tripmustsees/app/models/sight_seeing.rb": [
        1,
        null,
        1,
        null,
        null
      ]
    },
    "timestamp": 1417210459
  }
}
